
> shakh@0.1.0 prebuild
> node scripts/copy-engine.mjs

[copy-engine] stockfish-nnue-16-single.js → public/engine/
[copy-engine] stockfish-nnue-16-single.wasm → public/engine/
[copy-engine] nn-5af11540bbfe.nnue → public/engine/

> shakh@0.1.0 build
> next build

   ▲ Next.js 15.5.19
   - Environments: .env.local

   Creating an optimized production build ...
 ✓ Compiled successfully in 84s
   Linting and checking validity of types ...

./src/components/play/HotseatGame.tsx
152:5  Warning: Unused eslint-disable directive (no problems were reported from 'react-hooks/exhaustive-deps').

./src/components/sparring/SparringBoard.tsx
190:5  Warning: Unused eslint-disable directive (no problems were reported from 'react-hooks/exhaustive-deps').

info  - Need to disable some ESLint rules? Learn more here: https://nextjs.org/docs/app/api-reference/config/eslint#disabling-rules
   Collecting page data ...

> Build error occurred
SyntaxError: Unexpected end of JSON input
    at JSON.parse (<anonymous>)
